<?xml version="1.0" encoding="UTF-8"?>
<!-- Generated by org.testng.reporters.JUnitXMLReporter -->
<testsuite ignored="0" hostname="LAPTOP-H5F7P4K8" failures="0" tests="3" name="TestA" time="45.353" errors="0" timestamp="2024-06-30T13:52:31 IST">
  <testcase classname="TestCases.HomePage.CurrentTemperatureDisplay" name="TempDetailsOnHome" time="12.067"/>
  <testcase classname="TestCases.HomePage.CurrentTemperatureDisplay" name="CheckTemperatureAndBuy" time="10.096"/>
  <testcase classname="TestCases.CartPage.SelectProductsAddToCart" name="SelectObjectAddToCart" time="23.138"/>
</testsuite> <!-- TestA -->
