<?xml version="1.0" encoding="UTF-8"?>
<testng-results ignored="0" total="3" passed="3" failed="0" skipped="0">
  <reporter-output>
  </reporter-output>
  <suite started-at="2024-06-30T13:53:46 IST" name="WeatherShopper" finished-at="2024-06-30T13:54:26 IST" duration-ms="39973">
    <groups>
    </groups>
    <test started-at="2024-06-30T13:53:46 IST" name="Weather_Shopper" finished-at="2024-06-30T13:54:26 IST" duration-ms="39973">
      <class name="TestCases.HomePage.CurrentTemperatureDisplay">
        <test-method signature="TempDetailsOnHome()[pri:0, instance:TestCases.HomePage.CurrentTemperatureDisplay@4d0f2471]" started-at="2024-06-30T13:53:46 IST" name="TempDetailsOnHome" finished-at="2024-06-30T13:53:55 IST" duration-ms="9138" status="PASS">
          <reporter-output>
          </reporter-output>
        </test-method> <!-- TempDetailsOnHome -->
        <test-method signature="CheckTemperatureAndBuy()[pri:1, instance:TestCases.HomePage.CurrentTemperatureDisplay@4d0f2471]" started-at="2024-06-30T13:53:55 IST" name="CheckTemperatureAndBuy" finished-at="2024-06-30T13:54:04 IST" duration-ms="9617" status="PASS">
          <reporter-output>
          </reporter-output>
        </test-method> <!-- CheckTemperatureAndBuy -->
      </class> <!-- TestCases.HomePage.CurrentTemperatureDisplay -->
      <class name="TestCases.CartPage.SelectProductsAddToCart">
        <test-method signature="SelectObjectAddToCart()[pri:0, instance:TestCases.CartPage.SelectProductsAddToCart@18d87d80]" started-at="2024-06-30T13:54:04 IST" name="SelectObjectAddToCart" finished-at="2024-06-30T13:54:26 IST" duration-ms="21177" status="PASS">
          <reporter-output>
          </reporter-output>
        </test-method> <!-- SelectObjectAddToCart -->
      </class> <!-- TestCases.CartPage.SelectProductsAddToCart -->
    </test> <!-- Weather_Shopper -->
  </suite> <!-- WeatherShopper -->
</testng-results>
