<?xml version="1.0" encoding="UTF-8"?>
<!-- Generated by org.testng.reporters.JUnitXMLReporter -->
<testsuite ignored="0" hostname="LAPTOP-H5F7P4K8" failures="0" tests="3" name="Weather_Shopper" time="39.973" errors="0" timestamp="2024-06-30T13:54:26 IST">
  <testcase classname="TestCases.HomePage.CurrentTemperatureDisplay" name="TempDetailsOnHome" time="9.138"/>
  <testcase classname="TestCases.HomePage.CurrentTemperatureDisplay" name="CheckTemperatureAndBuy" time="9.617"/>
  <testcase classname="TestCases.CartPage.SelectProductsAddToCart" name="SelectObjectAddToCart" time="21.177"/>
</testsuite> <!-- Weather_Shopper -->
